Using pre-set license
Built from '2021.1/release' branch; Version is '2021.1.16f1 (5fa502fca597) revision 6268162'; Using compiler version '192528614'; Build Type 'Release'
OS: 'Windows 10 Enterprise; OS build 19042.1110; Version 2009; 64bit' Language: 'en' Physical Memory: 32415 MB
BatchMode: 1, IsHumanControllingUs: 0, StartBugReporterOnCrash: 0, Is64bit: 1, IsPro: 0

 COMMAND LINE ARGUMENTS:
C:\Program Files\Unity\Hub\Editor\2021.1.16f1\Editor\Unity.exe
-adb2
-batchMode
-noUpm
-name
AssetImportWorker0
-projectPath
C:/Users/WUStudent/Documents/GitHub/Hachi-To-Hachi_ENG/Hachi To Hachi ENGLISH
-logFile
Logs/AssetImportWorker0.log
-srvPort
49747
Successfully changed project path to: C:/Users/WUStudent/Documents/GitHub/Hachi-To-Hachi_ENG/Hachi To Hachi ENGLISH
C:/Users/WUStudent/Documents/GitHub/Hachi-To-Hachi_ENG/Hachi To Hachi ENGLISH
Using Asset Import Pipeline V2.
Refreshing native plugins compatible for Editor in 129.77 ms, found 3 plugins.
Preloading 0 native plugins for Editor in 0.00 ms.
Initialize engine version: 2021.1.16f1 (5fa502fca597)
[Subsystems] Discovering subsystems at path C:/Program Files/Unity/Hub/Editor/2021.1.16f1/Editor/Data/Resources/UnitySubsystems
[Subsystems] Discovering subsystems at path C:/Users/WUStudent/Documents/GitHub/Hachi-To-Hachi_ENG/Hachi To Hachi ENGLISH/Assets
GfxDevice: creating device client; threaded=0; jobified=0
Direct3D:
    Version:  Direct3D 11.0 [level 11.1]
    Renderer: NVIDIA Quadro P4000 (ID=0x1bb1)
    Vendor:   NVIDIA
    VRAM:     8089 MB
    Driver:   27.21.14.5167
Initialize mono
Mono path[0] = 'C:/Program Files/Unity/Hub/Editor/2021.1.16f1/Editor/Data/Managed'
Mono path[1] = 'C:/Program Files/Unity/Hub/Editor/2021.1.16f1/Editor/Data/MonoBleedingEdge/lib/mono/unityjit'
Mono config path = 'C:/Program Files/Unity/Hub/Editor/2021.1.16f1/Editor/Data/MonoBleedingEdge/etc'
Using monoOptions --debugger-agent=transport=dt_socket,embedding=1,server=y,suspend=n,address=127.0.0.1:56692
Begin MonoManager ReloadAssembly
Registering precompiled unity dll's ...
Register platform support module: C:/Program Files/Unity/Hub/Editor/2021.1.16f1/Editor/Data/PlaybackEngines/WindowsStandaloneSupport/UnityEditor.WindowsStandalone.Extensions.dll
Registered in 0.002903 seconds.
Native extension for WindowsStandalone target not found
Refreshing native plugins compatible for Editor in 120.75 ms, found 3 plugins.
Preloading 0 native plugins for Editor in 0.00 ms.
Mono: successfully reloaded assembly
- Completed reload, in  2.558 seconds
Domain Reload Profiling:
	ReloadAssembly (2558ms)
		BeginReloadAssembly (121ms)
			ExecutionOrderSort (0ms)
			DisableScriptedObjects (0ms)
			BackupInstance (0ms)
			ReleaseScriptingObjects (0ms)
			CreateAndSetChildDomain (1ms)
		EndReloadAssembly (701ms)
			LoadAssemblies (116ms)
			RebuildTransferFunctionScriptingTraits (0ms)
			SetupTypeCache (275ms)
			ReleaseScriptCaches (0ms)
			RebuildScriptCaches (52ms)
			SetupLoadedEditorAssemblies (304ms)
				LogAssemblyErrors (0ms)
				InitializePlatformSupportModulesInManaged (9ms)
				SetLoadedEditorAssemblies (0ms)
				RefreshPlugins (121ms)
				BeforeProcessingInitializeOnLoad (2ms)
				ProcessInitializeOnLoadAttributes (130ms)
				ProcessInitializeOnLoadMethodAttributes (41ms)
				AfterProcessingInitializeOnLoad (0ms)
				EditorAssembliesLoaded (0ms)
			ExecutionOrderSort2 (0ms)
			AwakeInstancesAfterBackupRestoration (0ms)
Platform modules already initialized, skipping
Registering precompiled user dll's ...
Registered in 0.010609 seconds.
Begin MonoManager ReloadAssembly
Symbol file LoadedFromMemory doesn't match image C:\Users\WUStudent\Documents\GitHub\Hachi-To-Hachi_ENG\Hachi To Hachi ENGLISH\Library\PackageCache\com.unity.visualscripting@1.6.1\Editor\VisualScripting.Core\Dependencies\YamlDotNet\Unity.VisualScripting.YamlDotNet.dll
Symbol file LoadedFromMemory doesn't match image C:\Users\WUStudent\Documents\GitHub\Hachi-To-Hachi_ENG\Hachi To Hachi ENGLISH\Library\PackageCache\com.unity.visualscripting@1.6.1\Editor\VisualScripting.Core\Dependencies\DotNetZip\Unity.VisualScripting.IonicZip.dll
Native extension for WindowsStandalone target not found
Refreshing native plugins compatible for Editor in 0.90 ms, found 3 plugins.
Preloading 0 native plugins for Editor in 0.00 ms.
Mono: successfully reloaded assembly
- Completed reload, in  1.944 seconds
Domain Reload Profiling:
	ReloadAssembly (1945ms)
		BeginReloadAssembly (305ms)
			ExecutionOrderSort (0ms)
			DisableScriptedObjects (7ms)
			BackupInstance (0ms)
			ReleaseScriptingObjects (0ms)
			CreateAndSetChildDomain (57ms)
		EndReloadAssembly (1541ms)
			LoadAssemblies (208ms)
			RebuildTransferFunctionScriptingTraits (0ms)
			SetupTypeCache (581ms)
			ReleaseScriptCaches (1ms)
			RebuildScriptCaches (73ms)
			SetupLoadedEditorAssemblies (578ms)
				LogAssemblyErrors (0ms)
				InitializePlatformSupportModulesInManaged (6ms)
				SetLoadedEditorAssemblies (1ms)
				RefreshPlugins (1ms)
				BeforeProcessingInitializeOnLoad (92ms)
				ProcessInitializeOnLoadAttributes (460ms)
				ProcessInitializeOnLoadMethodAttributes (6ms)
				AfterProcessingInitializeOnLoad (11ms)
				EditorAssembliesLoaded (0ms)
			ExecutionOrderSort2 (0ms)
			AwakeInstancesAfterBackupRestoration (9ms)
Platform modules already initialized, skipping
========================================================================
Worker process is ready to serve import requests
Launched and connected shader compiler UnityShaderCompiler.exe after 0.52 seconds
Refreshing native plugins compatible for Editor in 1.84 ms, found 3 plugins.
Preloading 0 native plugins for Editor in 0.00 ms.
Unloading 2972 Unused Serialized files (Serialized files now loaded: 0)
System memory in use before: 109.4 MB.
System memory in use after: 109.6 MB.

Unloading 22 unused Assets to reduce memory usage. Loaded Objects now: 3417.
Total: 5.166200 ms (FindLiveObjects: 0.355800 ms CreateObjectMapping: 0.200400 ms MarkObjects: 4.490700 ms  DeleteObjects: 0.118200 ms)

AssetImportParameters requested are different than current active one (requested -> active):
  custom:framework-win-MediaFoundation: 216162199b28c13a410421893ffa2e32 -> 
  custom:video-decoder-ogg-theora: a1e56fd34408186e4bbccfd4996cb3dc -> 
  custom:container-muxer-webm: aa71ff27fc2769a1b78a27578f13a17b -> 
  custom:container-demuxer-webm: 4f35f7cbe854078d1ac9338744f61a02 -> 
  custom:container-demuxer-ogg: 62fdf1f143b41e24485cea50d1cbac27 -> 
  custom:video-encoder-webm-vp8: eb34c28f22e8b96e1ab97ce403110664 -> 
  custom:video-decoder-webm-vp8: 9c59270c3fd7afecdb556c50c9e8de78 -> 
  custom:audio-decoder-ogg-vorbis: bf7c407c2cedff20999df2af8eb42d56 -> 
  custom:audio-encoder-webm-vorbis: bf7c407c2cedff20999df2af8eb42d56 -> 
========================================================================
Received Import Request.
  path: Assets/New Terrain.asset
  artifactKey: Guid(f39989509ed20714bacb404f45a02ba1) Importer(815301076,1909f56bfc062723c751e8b465ee728b)
Start importing Assets/New Terrain.asset using Guid(f39989509ed20714bacb404f45a02ba1) Importer(815301076,1909f56bfc062723c751e8b465ee728b)  -> (artifact id: 'c9907a254149888416c7cbedadaaf810') in 0.175571 seconds 
========================================================================
Received Import Request.
  Time since last request: 23.271904 seconds.
  path: Assets/Images/eitto_layout_cut.jpg
  artifactKey: Guid(b856e9cd601a2444d8676cb1584ffd16) Importer(815301076,1909f56bfc062723c751e8b465ee728b)
Start importing Assets/Images/eitto_layout_cut.jpg using Guid(b856e9cd601a2444d8676cb1584ffd16) Importer(815301076,1909f56bfc062723c751e8b465ee728b)  -> (artifact id: '3163f49305d195fa0ba17080ca2fd21c') in 0.231867 seconds 
========================================================================
Received Import Request.
  Time since last request: 0.001874 seconds.
  path: Assets/Images/NewBrush.brush
  artifactKey: Guid(06b527a48cf79f64da12590d6912a7c9) Importer(815301076,1909f56bfc062723c751e8b465ee728b)
Start importing Assets/Images/NewBrush.brush using Guid(06b527a48cf79f64da12590d6912a7c9) Importer(815301076,1909f56bfc062723c751e8b465ee728b)  -> (artifact id: 'd1a8c49fbcf0d69352fb9633c82f8c8f') in 0.243857 seconds 
========================================================================
Received Import Request.
  Time since last request: 2.346163 seconds.
  path: Assets/Scenes/beta_eitto.unity
  artifactKey: Guid(137b99c17ce0a72498e69673e9398a6f) Importer(815301076,1909f56bfc062723c751e8b465ee728b)
Start importing Assets/Scenes/beta_eitto.unity using Guid(137b99c17ce0a72498e69673e9398a6f) Importer(815301076,1909f56bfc062723c751e8b465ee728b)  -> (artifact id: '87d7e9be27c52b6c12b79618f52ec59c') in 0.087184 seconds 
========================================================================
Received Import Request.
  Time since last request: 51.133641 seconds.
  path: Assets/Scenes
  artifactKey: Guid(81c189f0f7857954e93e704027615317) Importer(815301076,1909f56bfc062723c751e8b465ee728b)
Start importing Assets/Scenes using Guid(81c189f0f7857954e93e704027615317) Importer(815301076,1909f56bfc062723c751e8b465ee728b)  -> (artifact id: '945af5fe5b9b92eb65e87cd031fddb7a') in 0.067585 seconds 
========================================================================
Received Import Request.
  Time since last request: 20.031218 seconds.
  path: Assets/Scenes/Intro.unity
  artifactKey: Guid(f02df6e34df2cdb44b04b9f21b731ec5) Importer(815301076,1909f56bfc062723c751e8b465ee728b)
Start importing Assets/Scenes/Intro.unity using Guid(f02df6e34df2cdb44b04b9f21b731ec5) Importer(815301076,1909f56bfc062723c751e8b465ee728b)  -> (artifact id: '785fc6a57c85529e9917ba760701f93a') in 0.090907 seconds 
========================================================================
Received Import Request.
  Time since last request: 112.090565 seconds.
  path: Assets
  artifactKey: Guid(00000000000000001000000000000000) Importer(815301076,1909f56bfc062723c751e8b465ee728b)
Start importing Assets using Guid(00000000000000001000000000000000) Importer(815301076,1909f56bfc062723c751e8b465ee728b)  -> (artifact id: '42d402b061de3733987d63b9cc3b64de') in 0.066891 seconds 
========================================================================
Received Import Request.
  Time since last request: 4.860741 seconds.
  path: Assets/Intro.cs
  artifactKey: Guid(a5b2a94a14511fe4989d543d96586c20) Importer(815301076,1909f56bfc062723c751e8b465ee728b)
Start importing Assets/Intro.cs using Guid(a5b2a94a14511fe4989d543d96586c20) Importer(815301076,1909f56bfc062723c751e8b465ee728b)  -> (artifact id: '51cd3c2a034079882553b0ea5d052640') in 0.094509 seconds 
========================================================================
Received Prepare
Registering precompiled user dll's ...
Registered in 0.009707 seconds.
Begin MonoManager ReloadAssembly
Symbol file LoadedFromMemory doesn't match image C:\Users\WUStudent\Documents\GitHub\Hachi-To-Hachi_ENG\Hachi To Hachi ENGLISH\Library\PackageCache\com.unity.visualscripting@1.6.1\Editor\VisualScripting.Core\Dependencies\YamlDotNet\Unity.VisualScripting.YamlDotNet.dll
Symbol file LoadedFromMemory doesn't match image C:\Users\WUStudent\Documents\GitHub\Hachi-To-Hachi_ENG\Hachi To Hachi ENGLISH\Library\PackageCache\com.unity.visualscripting@1.6.1\Editor\VisualScripting.Core\Dependencies\DotNetZip\Unity.VisualScripting.IonicZip.dll
Native extension for WindowsStandalone target not found
Refreshing native plugins compatible for Editor in 0.92 ms, found 3 plugins.
Preloading 0 native plugins for Editor in 0.00 ms.
Mono: successfully reloaded assembly
- Completed reload, in  1.638 seconds
Domain Reload Profiling:
	ReloadAssembly (1638ms)
		BeginReloadAssembly (240ms)
			ExecutionOrderSort (0ms)
			DisableScriptedObjects (5ms)
			BackupInstance (0ms)
			ReleaseScriptingObjects (0ms)
			CreateAndSetChildDomain (84ms)
		EndReloadAssembly (1315ms)
			LoadAssemblies (153ms)
			RebuildTransferFunctionScriptingTraits (0ms)
			SetupTypeCache (482ms)
			ReleaseScriptCaches (2ms)
			RebuildScriptCaches (60ms)
			SetupLoadedEditorAssemblies (481ms)
				LogAssemblyErrors (0ms)
				InitializePlatformSupportModulesInManaged (7ms)
				SetLoadedEditorAssemblies (1ms)
				RefreshPlugins (1ms)
				BeforeProcessingInitializeOnLoad (74ms)
				ProcessInitializeOnLoadAttributes (381ms)
				ProcessInitializeOnLoadMethodAttributes (6ms)
				AfterProcessingInitializeOnLoad (11ms)
				EditorAssembliesLoaded (0ms)
			ExecutionOrderSort2 (0ms)
			AwakeInstancesAfterBackupRestoration (16ms)
Platform modules already initialized, skipping
Refreshing native plugins compatible for Editor in 0.92 ms, found 3 plugins.
Preloading 0 native plugins for Editor in 0.00 ms.
Unloading 2968 Unused Serialized files (Serialized files now loaded: 0)
System memory in use before: 116.1 MB.
System memory in use after: 116.4 MB.

Unloading 17 unused Assets to reduce memory usage. Loaded Objects now: 3442.
Total: 5.405500 ms (FindLiveObjects: 0.339500 ms CreateObjectMapping: 0.204500 ms MarkObjects: 4.832900 ms  DeleteObjects: 0.027300 ms)

AssetImportParameters requested are different than current active one (requested -> active):
  custom:framework-win-MediaFoundation: 216162199b28c13a410421893ffa2e32 -> 
  custom:video-decoder-ogg-theora: a1e56fd34408186e4bbccfd4996cb3dc -> 
  custom:container-muxer-webm: aa71ff27fc2769a1b78a27578f13a17b -> 
  custom:container-demuxer-webm: 4f35f7cbe854078d1ac9338744f61a02 -> 
  custom:container-demuxer-ogg: 62fdf1f143b41e24485cea50d1cbac27 -> 
  custom:video-encoder-webm-vp8: eb34c28f22e8b96e1ab97ce403110664 -> 
  custom:video-decoder-webm-vp8: 9c59270c3fd7afecdb556c50c9e8de78 -> 
  custom:audio-decoder-ogg-vorbis: bf7c407c2cedff20999df2af8eb42d56 -> 
  custom:audio-encoder-webm-vorbis: bf7c407c2cedff20999df2af8eb42d56 -> 
========================================================================
Received Import Request.
  Time since last request: 137.875387 seconds.
  path: Assets/Intro.cs
  artifactKey: Guid(a5b2a94a14511fe4989d543d96586c20) Importer(815301076,1909f56bfc062723c751e8b465ee728b)
Start importing Assets/Intro.cs using Guid(a5b2a94a14511fe4989d543d96586c20) Importer(815301076,1909f56bfc062723c751e8b465ee728b)  -> (artifact id: '15adfabf434323ac8085d54ad2a6c163') in 0.065889 seconds 
========================================================================
Received Prepare
Registering precompiled user dll's ...
Registered in 0.011997 seconds.
Begin MonoManager ReloadAssembly
Symbol file LoadedFromMemory doesn't match image C:\Users\WUStudent\Documents\GitHub\Hachi-To-Hachi_ENG\Hachi To Hachi ENGLISH\Library\PackageCache\com.unity.visualscripting@1.6.1\Editor\VisualScripting.Core\Dependencies\YamlDotNet\Unity.VisualScripting.YamlDotNet.dll
Symbol file LoadedFromMemory doesn't match image C:\Users\WUStudent\Documents\GitHub\Hachi-To-Hachi_ENG\Hachi To Hachi ENGLISH\Library\PackageCache\com.unity.visualscripting@1.6.1\Editor\VisualScripting.Core\Dependencies\DotNetZip\Unity.VisualScripting.IonicZip.dll
Native extension for WindowsStandalone target not found
Refreshing native plugins compatible for Editor in 0.89 ms, found 3 plugins.
Preloading 0 native plugins for Editor in 0.00 ms.
Mono: successfully reloaded assembly
- Completed reload, in  1.693 seconds
Domain Reload Profiling:
	ReloadAssembly (1693ms)
		BeginReloadAssembly (232ms)
			ExecutionOrderSort (0ms)
			DisableScriptedObjects (7ms)
			BackupInstance (0ms)
			ReleaseScriptingObjects (0ms)
			CreateAndSetChildDomain (66ms)
		EndReloadAssembly (1372ms)
			LoadAssemblies (163ms)
			RebuildTransferFunctionScriptingTraits (0ms)
			SetupTypeCache (482ms)
			ReleaseScriptCaches (2ms)
			RebuildScriptCaches (77ms)
			SetupLoadedEditorAssemblies (537ms)
				LogAssemblyErrors (0ms)
				InitializePlatformSupportModulesInManaged (6ms)
				SetLoadedEditorAssemblies (1ms)
				RefreshPlugins (1ms)
				BeforeProcessingInitializeOnLoad (74ms)
				ProcessInitializeOnLoadAttributes (438ms)
				ProcessInitializeOnLoadMethodAttributes (6ms)
				AfterProcessingInitializeOnLoad (11ms)
				EditorAssembliesLoaded (0ms)
			ExecutionOrderSort2 (0ms)
			AwakeInstancesAfterBackupRestoration (15ms)
Platform modules already initialized, skipping
Refreshing native plugins compatible for Editor in 0.97 ms, found 3 plugins.
Preloading 0 native plugins for Editor in 0.00 ms.
Unloading 2978 Unused Serialized files (Serialized files now loaded: 0)
System memory in use before: 116.6 MB.
System memory in use after: 116.8 MB.

Unloading 20 unused Assets to reduce memory usage. Loaded Objects now: 3459.
Total: 5.110500 ms (FindLiveObjects: 0.364700 ms CreateObjectMapping: 0.202300 ms MarkObjects: 4.514600 ms  DeleteObjects: 0.027600 ms)

AssetImportParameters requested are different than current active one (requested -> active):
  custom:framework-win-MediaFoundation: 216162199b28c13a410421893ffa2e32 -> 
  custom:video-decoder-ogg-theora: a1e56fd34408186e4bbccfd4996cb3dc -> 
  custom:container-muxer-webm: aa71ff27fc2769a1b78a27578f13a17b -> 
  custom:container-demuxer-webm: 4f35f7cbe854078d1ac9338744f61a02 -> 
  custom:container-demuxer-ogg: 62fdf1f143b41e24485cea50d1cbac27 -> 
  custom:video-encoder-webm-vp8: eb34c28f22e8b96e1ab97ce403110664 -> 
  custom:video-decoder-webm-vp8: 9c59270c3fd7afecdb556c50c9e8de78 -> 
  custom:audio-decoder-ogg-vorbis: bf7c407c2cedff20999df2af8eb42d56 -> 
  custom:audio-encoder-webm-vorbis: bf7c407c2cedff20999df2af8eb42d56 -> 
========================================================================
Received Prepare
Registering precompiled user dll's ...
Registered in 0.010320 seconds.
Begin MonoManager ReloadAssembly
Symbol file LoadedFromMemory doesn't match image C:\Users\WUStudent\Documents\GitHub\Hachi-To-Hachi_ENG\Hachi To Hachi ENGLISH\Library\PackageCache\com.unity.visualscripting@1.6.1\Editor\VisualScripting.Core\Dependencies\YamlDotNet\Unity.VisualScripting.YamlDotNet.dll
Symbol file LoadedFromMemory doesn't match image C:\Users\WUStudent\Documents\GitHub\Hachi-To-Hachi_ENG\Hachi To Hachi ENGLISH\Library\PackageCache\com.unity.visualscripting@1.6.1\Editor\VisualScripting.Core\Dependencies\DotNetZip\Unity.VisualScripting.IonicZip.dll
Native extension for WindowsStandalone target not found
Refreshing native plugins compatible for Editor in 0.85 ms, found 3 plugins.
Preloading 0 native plugins for Editor in 0.00 ms.
Mono: successfully reloaded assembly
- Completed reload, in  1.640 seconds
Domain Reload Profiling:
	ReloadAssembly (1640ms)
		BeginReloadAssembly (219ms)
			ExecutionOrderSort (0ms)
			DisableScriptedObjects (7ms)
			BackupInstance (0ms)
			ReleaseScriptingObjects (0ms)
			CreateAndSetChildDomain (82ms)
		EndReloadAssembly (1339ms)
			LoadAssemblies (154ms)
			RebuildTransferFunctionScriptingTraits (0ms)
			SetupTypeCache (474ms)
			ReleaseScriptCaches (2ms)
			RebuildScriptCaches (82ms)
			SetupLoadedEditorAssemblies (508ms)
				LogAssemblyErrors (0ms)
				InitializePlatformSupportModulesInManaged (6ms)
				SetLoadedEditorAssemblies (0ms)
				RefreshPlugins (1ms)
				BeforeProcessingInitializeOnLoad (80ms)
				ProcessInitializeOnLoadAttributes (404ms)
				ProcessInitializeOnLoadMethodAttributes (5ms)
				AfterProcessingInitializeOnLoad (12ms)
				EditorAssembliesLoaded (0ms)
			ExecutionOrderSort2 (0ms)
			AwakeInstancesAfterBackupRestoration (16ms)
Platform modules already initialized, skipping
Refreshing native plugins compatible for Editor in 0.99 ms, found 3 plugins.
Preloading 0 native plugins for Editor in 0.00 ms.
Unloading 2977 Unused Serialized files (Serialized files now loaded: 0)
System memory in use before: 116.6 MB.
System memory in use after: 116.8 MB.

Unloading 19 unused Assets to reduce memory usage. Loaded Objects now: 3462.
Total: 5.976100 ms (FindLiveObjects: 0.677300 ms CreateObjectMapping: 0.485000 ms MarkObjects: 4.781700 ms  DeleteObjects: 0.029700 ms)

AssetImportParameters requested are different than current active one (requested -> active):
  custom:framework-win-MediaFoundation: 216162199b28c13a410421893ffa2e32 -> 
  custom:video-decoder-ogg-theora: a1e56fd34408186e4bbccfd4996cb3dc -> 
  custom:container-muxer-webm: aa71ff27fc2769a1b78a27578f13a17b -> 
  custom:container-demuxer-webm: 4f35f7cbe854078d1ac9338744f61a02 -> 
  custom:container-demuxer-ogg: 62fdf1f143b41e24485cea50d1cbac27 -> 
  custom:video-encoder-webm-vp8: eb34c28f22e8b96e1ab97ce403110664 -> 
  custom:video-decoder-webm-vp8: 9c59270c3fd7afecdb556c50c9e8de78 -> 
  custom:audio-decoder-ogg-vorbis: bf7c407c2cedff20999df2af8eb42d56 -> 
  custom:audio-encoder-webm-vorbis: bf7c407c2cedff20999df2af8eb42d56 -> 
========================================================================
Received Import Request.
  Time since last request: 413.628349 seconds.
  path: Assets/Intro
  artifactKey: Guid(cae5226b5d341db408b630cf465f78ed) Importer(815301076,1909f56bfc062723c751e8b465ee728b)
Start importing Assets/Intro using Guid(cae5226b5d341db408b630cf465f78ed) Importer(815301076,1909f56bfc062723c751e8b465ee728b)  -> (artifact id: '2aa28dc373443df4209ab6dee5124971') in 0.081530 seconds 
========================================================================
Received Prepare
Registering precompiled user dll's ...
Registered in 0.011179 seconds.
Begin MonoManager ReloadAssembly
Symbol file LoadedFromMemory doesn't match image C:\Users\WUStudent\Documents\GitHub\Hachi-To-Hachi_ENG\Hachi To Hachi ENGLISH\Library\PackageCache\com.unity.visualscripting@1.6.1\Editor\VisualScripting.Core\Dependencies\YamlDotNet\Unity.VisualScripting.YamlDotNet.dll
Symbol file LoadedFromMemory doesn't match image C:\Users\WUStudent\Documents\GitHub\Hachi-To-Hachi_ENG\Hachi To Hachi ENGLISH\Library\PackageCache\com.unity.visualscripting@1.6.1\Editor\VisualScripting.Core\Dependencies\DotNetZip\Unity.VisualScripting.IonicZip.dll
Native extension for WindowsStandalone target not found
Refreshing native plugins compatible for Editor in 1.00 ms, found 3 plugins.
Preloading 0 native plugins for Editor in 0.00 ms.
Mono: successfully reloaded assembly
- Completed reload, in  1.636 seconds
Domain Reload Profiling:
	ReloadAssembly (1636ms)
		BeginReloadAssembly (231ms)
			ExecutionOrderSort (0ms)
			DisableScriptedObjects (7ms)
			BackupInstance (0ms)
			ReleaseScriptingObjects (0ms)
			CreateAndSetChildDomain (85ms)
		EndReloadAssembly (1317ms)
			LoadAssemblies (153ms)
			RebuildTransferFunctionScriptingTraits (0ms)
			SetupTypeCache (495ms)
			ReleaseScriptCaches (2ms)
			RebuildScriptCaches (54ms)
			SetupLoadedEditorAssemblies (491ms)
				LogAssemblyErrors (0ms)
				InitializePlatformSupportModulesInManaged (6ms)
				SetLoadedEditorAssemblies (1ms)
				RefreshPlugins (1ms)
				BeforeProcessingInitializeOnLoad (74ms)
				ProcessInitializeOnLoadAttributes (389ms)
				ProcessInitializeOnLoadMethodAttributes (8ms)
				AfterProcessingInitializeOnLoad (11ms)
				EditorAssembliesLoaded (0ms)
			ExecutionOrderSort2 (0ms)
			AwakeInstancesAfterBackupRestoration (17ms)
Platform modules already initialized, skipping
Refreshing native plugins compatible for Editor in 0.98 ms, found 3 plugins.
Preloading 0 native plugins for Editor in 0.00 ms.
Unloading 2990 Unused Serialized files (Serialized files now loaded: 0)
System memory in use before: 118.7 MB.
System memory in use after: 118.3 MB.

Unloading 32 unused Assets to reduce memory usage. Loaded Objects now: 3465.
Total: 5.823900 ms (FindLiveObjects: 0.367100 ms CreateObjectMapping: 0.197600 ms MarkObjects: 4.884700 ms  DeleteObjects: 0.373100 ms)

AssetImportParameters requested are different than current active one (requested -> active):
  custom:framework-win-MediaFoundation: 216162199b28c13a410421893ffa2e32 -> 
  custom:video-decoder-ogg-theora: a1e56fd34408186e4bbccfd4996cb3dc -> 
  custom:container-muxer-webm: aa71ff27fc2769a1b78a27578f13a17b -> 
  custom:container-demuxer-webm: 4f35f7cbe854078d1ac9338744f61a02 -> 
  custom:container-demuxer-ogg: 62fdf1f143b41e24485cea50d1cbac27 -> 
  custom:video-encoder-webm-vp8: eb34c28f22e8b96e1ab97ce403110664 -> 
  custom:video-decoder-webm-vp8: 9c59270c3fd7afecdb556c50c9e8de78 -> 
  custom:audio-decoder-ogg-vorbis: bf7c407c2cedff20999df2af8eb42d56 -> 
  custom:audio-encoder-webm-vorbis: bf7c407c2cedff20999df2af8eb42d56 -> 
========================================================================
Received Import Request.
  Time since last request: 62.240117 seconds.
  path: Assets/Intro/intro-slides
  artifactKey: Guid(0cbd7dafa1fb56c408c10b81f5e00222) Importer(815301076,1909f56bfc062723c751e8b465ee728b)
Start importing Assets/Intro/intro-slides using Guid(0cbd7dafa1fb56c408c10b81f5e00222) Importer(815301076,1909f56bfc062723c751e8b465ee728b)  -> (artifact id: '099938e3458f3b2b36d04ba2b59bf03c') in 0.084499 seconds 
========================================================================
Received Import Request.
  Time since last request: 0.001345 seconds.
  path: Assets/Intro/intro-slides/page-5.jpeg
  artifactKey: Guid(3c9991ed909409a49a699188b27ffc2a) Importer(815301076,1909f56bfc062723c751e8b465ee728b)
Start importing Assets/Intro/intro-slides/page-5.jpeg using Guid(3c9991ed909409a49a699188b27ffc2a) Importer(815301076,1909f56bfc062723c751e8b465ee728b)  -> (artifact id: '5ac750491e9fe2515b46882a018146c2') in 0.175560 seconds 
========================================================================
Received Import Request.
  Time since last request: 0.001566 seconds.
  path: Assets/Intro/intro-slides/page-6.jpeg
  artifactKey: Guid(8e18720e3d8df814bbed10bd3f227aa6) Importer(815301076,1909f56bfc062723c751e8b465ee728b)
Start importing Assets/Intro/intro-slides/page-6.jpeg using Guid(8e18720e3d8df814bbed10bd3f227aa6) Importer(815301076,1909f56bfc062723c751e8b465ee728b)  -> (artifact id: '4e79437f1f1ba4f90b85f9ae245e39ce') in 0.146765 seconds 
========================================================================
Received Import Request.
  Time since last request: 0.001346 seconds.
  path: Assets/Intro/intro-slides/page-1.jpeg
  artifactKey: Guid(83d70e23888bb5e44b69d2305abc3277) Importer(815301076,1909f56bfc062723c751e8b465ee728b)
Start importing Assets/Intro/intro-slides/page-1.jpeg using Guid(83d70e23888bb5e44b69d2305abc3277) Importer(815301076,1909f56bfc062723c751e8b465ee728b)  -> (artifact id: 'c03461eaa0448bf5af885ad7721b2554') in 0.184607 seconds 
========================================================================
Received Import Request.
  Time since last request: 0.001432 seconds.
  path: Assets/Intro/intro-slides/page-2.jpeg
  artifactKey: Guid(2d294cbd4cb37d945a3e1b7882e93e8b) Importer(815301076,1909f56bfc062723c751e8b465ee728b)
Start importing Assets/Intro/intro-slides/page-2.jpeg using Guid(2d294cbd4cb37d945a3e1b7882e93e8b) Importer(815301076,1909f56bfc062723c751e8b465ee728b)  -> (artifact id: '3cc7adafa423bbf3b51523fada0215df') in 0.156236 seconds 
========================================================================
Received Import Request.
  Time since last request: 0.000633 seconds.
  path: Assets/Intro/intro-slides/page-7.jpeg
  artifactKey: Guid(873517bdd22a5c642b79fa949dc4e480) Importer(815301076,1909f56bfc062723c751e8b465ee728b)
Start importing Assets/Intro/intro-slides/page-7.jpeg using Guid(873517bdd22a5c642b79fa949dc4e480) Importer(815301076,1909f56bfc062723c751e8b465ee728b)  -> (artifact id: 'b17bdf61c7af66ced7135044b06a7cec') in 0.160161 seconds 
========================================================================
Received Import Request.
  Time since last request: 0.000890 seconds.
  path: Assets/Intro/intro-slides/page-8.jpeg
  artifactKey: Guid(b288286ca41b5e84eaad3ac9a65ae127) Importer(815301076,1909f56bfc062723c751e8b465ee728b)
Start importing Assets/Intro/intro-slides/page-8.jpeg using Guid(b288286ca41b5e84eaad3ac9a65ae127) Importer(815301076,1909f56bfc062723c751e8b465ee728b)  -> (artifact id: '6752c4f91d58c47280535df735f6a306') in 0.125077 seconds 
========================================================================
Received Import Request.
  Time since last request: 0.001184 seconds.
  path: Assets/Intro/intro-slides/page-3.jpeg
  artifactKey: Guid(faf7212c93146174d92b2b7285225513) Importer(815301076,1909f56bfc062723c751e8b465ee728b)
Start importing Assets/Intro/intro-slides/page-3.jpeg using Guid(faf7212c93146174d92b2b7285225513) Importer(815301076,1909f56bfc062723c751e8b465ee728b)  -> (artifact id: '046d7e9c3572bcac71520ebc32a95ce0') in 0.297817 seconds 
========================================================================
Received Import Request.
  Time since last request: 0.001326 seconds.
  path: Assets/Intro/intro-slides/page-4.jpeg
  artifactKey: Guid(73f942f4af1a8da43be9369cfb4258e5) Importer(815301076,1909f56bfc062723c751e8b465ee728b)
Start importing Assets/Intro/intro-slides/page-4.jpeg using Guid(73f942f4af1a8da43be9369cfb4258e5) Importer(815301076,1909f56bfc062723c751e8b465ee728b)  -> (artifact id: '4fd15345a2f532c1a69b0f2cb2f6c13a') in 0.160926 seconds 
========================================================================
Received Import Request.
  Time since last request: 15.032763 seconds.
  path: Assets/Intro/intro-slides/page-1.jpeg
  artifactKey: Guid(83d70e23888bb5e44b69d2305abc3277) Importer(815301076,1909f56bfc062723c751e8b465ee728b)
Start importing Assets/Intro/intro-slides/page-1.jpeg using Guid(83d70e23888bb5e44b69d2305abc3277) Importer(815301076,1909f56bfc062723c751e8b465ee728b)  -> (artifact id: 'f83d673ce3b60cb15d9ef4f0caa7cece') in 0.299915 seconds 
========================================================================
Received Import Request.
  Time since last request: 0.000653 seconds.
  path: Assets/Intro/intro-slides/page-5.jpeg
  artifactKey: Guid(3c9991ed909409a49a699188b27ffc2a) Importer(815301076,1909f56bfc062723c751e8b465ee728b)
Start importing Assets/Intro/intro-slides/page-5.jpeg using Guid(3c9991ed909409a49a699188b27ffc2a) Importer(815301076,1909f56bfc062723c751e8b465ee728b)  -> (artifact id: 'fc69e06ca11b9ac55ed356646cb2829a') in 0.097695 seconds 
========================================================================
Received Import Request.
  Time since last request: 0.000645 seconds.
  path: Assets/Intro/intro-slides/page-6.jpeg
  artifactKey: Guid(8e18720e3d8df814bbed10bd3f227aa6) Importer(815301076,1909f56bfc062723c751e8b465ee728b)
Start importing Assets/Intro/intro-slides/page-6.jpeg using Guid(8e18720e3d8df814bbed10bd3f227aa6) Importer(815301076,1909f56bfc062723c751e8b465ee728b)  -> (artifact id: 'ffff6d42ccf8b8e354437c5d3fc4e7a1') in 0.091745 seconds 
========================================================================
Received Import Request.
  Time since last request: 0.000690 seconds.
  path: Assets/Intro/intro-slides/page-2.jpeg
  artifactKey: Guid(2d294cbd4cb37d945a3e1b7882e93e8b) Importer(815301076,1909f56bfc062723c751e8b465ee728b)
Start importing Assets/Intro/intro-slides/page-2.jpeg using Guid(2d294cbd4cb37d945a3e1b7882e93e8b) Importer(815301076,1909f56bfc062723c751e8b465ee728b)  -> (artifact id: 'bf6a5215e916c2096ad43e9d3bdef8af') in 0.095437 seconds 
========================================================================
Received Import Request.
  Time since last request: 0.000729 seconds.
  path: Assets/Intro/intro-slides/page-7.jpeg
  artifactKey: Guid(873517bdd22a5c642b79fa949dc4e480) Importer(815301076,1909f56bfc062723c751e8b465ee728b)
Start importing Assets/Intro/intro-slides/page-7.jpeg using Guid(873517bdd22a5c642b79fa949dc4e480) Importer(815301076,1909f56bfc062723c751e8b465ee728b)  -> (artifact id: '37517b7ca22e461db00a411998fb2088') in 0.092881 seconds 
========================================================================
Received Import Request.
  Time since last request: 0.000632 seconds.
  path: Assets/Intro/intro-slides/page-8.jpeg
  artifactKey: Guid(b288286ca41b5e84eaad3ac9a65ae127) Importer(815301076,1909f56bfc062723c751e8b465ee728b)
Start importing Assets/Intro/intro-slides/page-8.jpeg using Guid(b288286ca41b5e84eaad3ac9a65ae127) Importer(815301076,1909f56bfc062723c751e8b465ee728b)  -> (artifact id: '29667cea01456c299cb3ad642e65d484') in 0.109089 seconds 
========================================================================
Received Import Request.
  Time since last request: 0.000509 seconds.
  path: Assets/Intro/intro-slides/page-3.jpeg
  artifactKey: Guid(faf7212c93146174d92b2b7285225513) Importer(815301076,1909f56bfc062723c751e8b465ee728b)
Start importing Assets/Intro/intro-slides/page-3.jpeg using Guid(faf7212c93146174d92b2b7285225513) Importer(815301076,1909f56bfc062723c751e8b465ee728b)  -> (artifact id: '58c39e9ac644771e4f728d8eb7dd69b1') in 0.156900 seconds 
========================================================================
Received Import Request.
  Time since last request: 0.001372 seconds.
  path: Assets/Intro/intro-slides/page-4.jpeg
  artifactKey: Guid(73f942f4af1a8da43be9369cfb4258e5) Importer(815301076,1909f56bfc062723c751e8b465ee728b)
Start importing Assets/Intro/intro-slides/page-4.jpeg using Guid(73f942f4af1a8da43be9369cfb4258e5) Importer(815301076,1909f56bfc062723c751e8b465ee728b)  -> (artifact id: '6d051100dc3b62d273f952ccca23e466') in 0.152367 seconds 
========================================================================
Received Prepare
Registering precompiled user dll's ...
Registered in 0.011738 seconds.
Begin MonoManager ReloadAssembly
Symbol file LoadedFromMemory doesn't match image C:\Users\WUStudent\Documents\GitHub\Hachi-To-Hachi_ENG\Hachi To Hachi ENGLISH\Library\PackageCache\com.unity.visualscripting@1.6.1\Editor\VisualScripting.Core\Dependencies\YamlDotNet\Unity.VisualScripting.YamlDotNet.dll
Symbol file LoadedFromMemory doesn't match image C:\Users\WUStudent\Documents\GitHub\Hachi-To-Hachi_ENG\Hachi To Hachi ENGLISH\Library\PackageCache\com.unity.visualscripting@1.6.1\Editor\VisualScripting.Core\Dependencies\DotNetZip\Unity.VisualScripting.IonicZip.dll
Native extension for WindowsStandalone target not found
Refreshing native plugins compatible for Editor in 0.89 ms, found 3 plugins.
Preloading 0 native plugins for Editor in 0.00 ms.
Mono: successfully reloaded assembly
- Completed reload, in  2.070 seconds
Domain Reload Profiling:
	ReloadAssembly (2071ms)
		BeginReloadAssembly (254ms)
			ExecutionOrderSort (0ms)
			DisableScriptedObjects (7ms)
			BackupInstance (0ms)
			ReleaseScriptingObjects (0ms)
			CreateAndSetChildDomain (86ms)
		EndReloadAssembly (1730ms)
			LoadAssemblies (155ms)
			RebuildTransferFunctionScriptingTraits (0ms)
			SetupTypeCache (464ms)
			ReleaseScriptCaches (2ms)
			RebuildScriptCaches (74ms)
			SetupLoadedEditorAssemblies (519ms)
				LogAssemblyErrors (0ms)
				InitializePlatformSupportModulesInManaged (6ms)
				SetLoadedEditorAssemblies (1ms)
				RefreshPlugins (1ms)
				BeforeProcessingInitializeOnLoad (72ms)
				ProcessInitializeOnLoadAttributes (422ms)
				ProcessInitializeOnLoadMethodAttributes (6ms)
				AfterProcessingInitializeOnLoad (11ms)
				EditorAssembliesLoaded (0ms)
			ExecutionOrderSort2 (0ms)
			AwakeInstancesAfterBackupRestoration (18ms)
Platform modules already initialized, skipping
Refreshing native plugins compatible for Editor in 0.93 ms, found 3 plugins.
Preloading 0 native plugins for Editor in 0.00 ms.
Unloading 2998 Unused Serialized files (Serialized files now loaded: 0)
System memory in use before: 202.4 MB.
System memory in use after: 202.0 MB.

Unloading 32 unused Assets to reduce memory usage. Loaded Objects now: 3704.
Total: 5.963300 ms (FindLiveObjects: 0.385600 ms CreateObjectMapping: 0.199000 ms MarkObjects: 5.024200 ms  DeleteObjects: 0.353500 ms)

AssetImportParameters requested are different than current active one (requested -> active):
  custom:framework-win-MediaFoundation: 216162199b28c13a410421893ffa2e32 -> 
  custom:video-decoder-ogg-theora: a1e56fd34408186e4bbccfd4996cb3dc -> 
  custom:container-muxer-webm: aa71ff27fc2769a1b78a27578f13a17b -> 
  custom:container-demuxer-webm: 4f35f7cbe854078d1ac9338744f61a02 -> 
  custom:container-demuxer-ogg: 62fdf1f143b41e24485cea50d1cbac27 -> 
  custom:video-encoder-webm-vp8: eb34c28f22e8b96e1ab97ce403110664 -> 
  custom:video-decoder-webm-vp8: 9c59270c3fd7afecdb556c50c9e8de78 -> 
  custom:audio-decoder-ogg-vorbis: bf7c407c2cedff20999df2af8eb42d56 -> 
  custom:audio-encoder-webm-vorbis: bf7c407c2cedff20999df2af8eb42d56 -> 
========================================================================
Received Prepare
Registering precompiled user dll's ...
Registered in 0.010852 seconds.
Begin MonoManager ReloadAssembly
Symbol file LoadedFromMemory doesn't match image C:\Users\WUStudent\Documents\GitHub\Hachi-To-Hachi_ENG\Hachi To Hachi ENGLISH\Library\PackageCache\com.unity.visualscripting@1.6.1\Editor\VisualScripting.Core\Dependencies\YamlDotNet\Unity.VisualScripting.YamlDotNet.dll
Symbol file LoadedFromMemory doesn't match image C:\Users\WUStudent\Documents\GitHub\Hachi-To-Hachi_ENG\Hachi To Hachi ENGLISH\Library\PackageCache\com.unity.visualscripting@1.6.1\Editor\VisualScripting.Core\Dependencies\DotNetZip\Unity.VisualScripting.IonicZip.dll
Native extension for WindowsStandalone target not found
Refreshing native plugins compatible for Editor in 0.88 ms, found 3 plugins.
Preloading 0 native plugins for Editor in 0.00 ms.
Mono: successfully reloaded assembly
- Completed reload, in  1.660 seconds
Domain Reload Profiling:
	ReloadAssembly (1660ms)
		BeginReloadAssembly (215ms)
			ExecutionOrderSort (0ms)
			DisableScriptedObjects (10ms)
			BackupInstance (0ms)
			ReleaseScriptingObjects (0ms)
			CreateAndSetChildDomain (79ms)
		EndReloadAssembly (1359ms)
			LoadAssemblies (151ms)
			RebuildTransferFunctionScriptingTraits (0ms)
			SetupTypeCache (477ms)
			ReleaseScriptCaches (2ms)
			RebuildScriptCaches (53ms)
			SetupLoadedEditorAssemblies (550ms)
				LogAssemblyErrors (0ms)
				InitializePlatformSupportModulesInManaged (6ms)
				SetLoadedEditorAssemblies (1ms)
				RefreshPlugins (1ms)
				BeforeProcessingInitializeOnLoad (117ms)
				ProcessInitializeOnLoadAttributes (407ms)
				ProcessInitializeOnLoadMethodAttributes (6ms)
				AfterProcessingInitializeOnLoad (12ms)
				EditorAssembliesLoaded (0ms)
			ExecutionOrderSort2 (0ms)
			AwakeInstancesAfterBackupRestoration (20ms)
Platform modules already initialized, skipping
Refreshing native plugins compatible for Editor in 0.92 ms, found 3 plugins.
Preloading 0 native plugins for Editor in 0.00 ms.
Unloading 2990 Unused Serialized files (Serialized files now loaded: 0)
System memory in use before: 202.0 MB.
System memory in use after: 201.6 MB.

Unloading 32 unused Assets to reduce memory usage. Loaded Objects now: 3707.
Total: 9.443300 ms (FindLiveObjects: 0.355500 ms CreateObjectMapping: 0.205500 ms MarkObjects: 8.267000 ms  DeleteObjects: 0.613800 ms)

AssetImportParameters requested are different than current active one (requested -> active):
  custom:framework-win-MediaFoundation: 216162199b28c13a410421893ffa2e32 -> 
  custom:video-decoder-ogg-theora: a1e56fd34408186e4bbccfd4996cb3dc -> 
  custom:container-muxer-webm: aa71ff27fc2769a1b78a27578f13a17b -> 
  custom:container-demuxer-webm: 4f35f7cbe854078d1ac9338744f61a02 -> 
  custom:container-demuxer-ogg: 62fdf1f143b41e24485cea50d1cbac27 -> 
  custom:video-encoder-webm-vp8: eb34c28f22e8b96e1ab97ce403110664 -> 
  custom:video-decoder-webm-vp8: 9c59270c3fd7afecdb556c50c9e8de78 -> 
  custom:audio-decoder-ogg-vorbis: bf7c407c2cedff20999df2af8eb42d56 -> 
  custom:audio-encoder-webm-vorbis: bf7c407c2cedff20999df2af8eb42d56 -> 
========================================================================
Received Prepare
Registering precompiled user dll's ...
Registered in 0.011713 seconds.
Begin MonoManager ReloadAssembly
Symbol file LoadedFromMemory doesn't match image C:\Users\WUStudent\Documents\GitHub\Hachi-To-Hachi_ENG\Hachi To Hachi ENGLISH\Library\PackageCache\com.unity.visualscripting@1.6.1\Editor\VisualScripting.Core\Dependencies\YamlDotNet\Unity.VisualScripting.YamlDotNet.dll
Symbol file LoadedFromMemory doesn't match image C:\Users\WUStudent\Documents\GitHub\Hachi-To-Hachi_ENG\Hachi To Hachi ENGLISH\Library\PackageCache\com.unity.visualscripting@1.6.1\Editor\VisualScripting.Core\Dependencies\DotNetZip\Unity.VisualScripting.IonicZip.dll
Native extension for WindowsStandalone target not found
Refreshing native plugins compatible for Editor in 0.90 ms, found 3 plugins.
Preloading 0 native plugins for Editor in 0.00 ms.
Mono: successfully reloaded assembly
- Completed reload, in  1.638 seconds
Domain Reload Profiling:
	ReloadAssembly (1639ms)
		BeginReloadAssembly (350ms)
			ExecutionOrderSort (0ms)
			DisableScriptedObjects (10ms)
			BackupInstance (0ms)
			ReleaseScriptingObjects (0ms)
			CreateAndSetChildDomain (84ms)
		EndReloadAssembly (1199ms)
			LoadAssemblies (268ms)
			RebuildTransferFunctionScriptingTraits (0ms)
			SetupTypeCache (426ms)
			ReleaseScriptCaches (2ms)
			RebuildScriptCaches (48ms)
			SetupLoadedEditorAssemblies (468ms)
				LogAssemblyErrors (0ms)
				InitializePlatformSupportModulesInManaged (6ms)
				SetLoadedEditorAssemblies (0ms)
				RefreshPlugins (1ms)
				BeforeProcessingInitializeOnLoad (66ms)
				ProcessInitializeOnLoadAttributes (374ms)
				ProcessInitializeOnLoadMethodAttributes (6ms)
				AfterProcessingInitializeOnLoad (13ms)
				EditorAssembliesLoaded (0ms)
			ExecutionOrderSort2 (0ms)
			AwakeInstancesAfterBackupRestoration (23ms)
Platform modules already initialized, skipping
Refreshing native plugins compatible for Editor in 0.89 ms, found 3 plugins.
Preloading 0 native plugins for Editor in 0.00 ms.
Unloading 2990 Unused Serialized files (Serialized files now loaded: 0)
System memory in use before: 202.1 MB.
System memory in use after: 201.7 MB.

Unloading 32 unused Assets to reduce memory usage. Loaded Objects now: 3710.
Total: 11.265800 ms (FindLiveObjects: 0.612700 ms CreateObjectMapping: 0.384500 ms MarkObjects: 9.470600 ms  DeleteObjects: 0.795700 ms)

AssetImportParameters requested are different than current active one (requested -> active):
  custom:framework-win-MediaFoundation: 216162199b28c13a410421893ffa2e32 -> 
  custom:video-decoder-ogg-theora: a1e56fd34408186e4bbccfd4996cb3dc -> 
  custom:container-muxer-webm: aa71ff27fc2769a1b78a27578f13a17b -> 
  custom:container-demuxer-webm: 4f35f7cbe854078d1ac9338744f61a02 -> 
  custom:container-demuxer-ogg: 62fdf1f143b41e24485cea50d1cbac27 -> 
  custom:video-encoder-webm-vp8: eb34c28f22e8b96e1ab97ce403110664 -> 
  custom:video-decoder-webm-vp8: 9c59270c3fd7afecdb556c50c9e8de78 -> 
  custom:audio-decoder-ogg-vorbis: bf7c407c2cedff20999df2af8eb42d56 -> 
  custom:audio-encoder-webm-vorbis: bf7c407c2cedff20999df2af8eb42d56 -> 
========================================================================
Received Prepare
Registering precompiled user dll's ...
Registered in 0.010984 seconds.
Begin MonoManager ReloadAssembly
Symbol file LoadedFromMemory doesn't match image C:\Users\WUStudent\Documents\GitHub\Hachi-To-Hachi_ENG\Hachi To Hachi ENGLISH\Library\PackageCache\com.unity.visualscripting@1.6.1\Editor\VisualScripting.Core\Dependencies\YamlDotNet\Unity.VisualScripting.YamlDotNet.dll
Symbol file LoadedFromMemory doesn't match image C:\Users\WUStudent\Documents\GitHub\Hachi-To-Hachi_ENG\Hachi To Hachi ENGLISH\Library\PackageCache\com.unity.visualscripting@1.6.1\Editor\VisualScripting.Core\Dependencies\DotNetZip\Unity.VisualScripting.IonicZip.dll
Native extension for WindowsStandalone target not found
Refreshing native plugins compatible for Editor in 0.87 ms, found 3 plugins.
Preloading 0 native plugins for Editor in 0.00 ms.
Mono: successfully reloaded assembly
- Completed reload, in  1.607 seconds
Domain Reload Profiling:
	ReloadAssembly (1607ms)
		BeginReloadAssembly (215ms)
			ExecutionOrderSort (0ms)
			DisableScriptedObjects (9ms)
			BackupInstance (0ms)
			ReleaseScriptingObjects (0ms)
			CreateAndSetChildDomain (77ms)
		EndReloadAssembly (1302ms)
			LoadAssemblies (147ms)
			RebuildTransferFunctionScriptingTraits (0ms)
			SetupTypeCache (471ms)
			ReleaseScriptCaches (2ms)
			RebuildScriptCaches (57ms)
			SetupLoadedEditorAssemblies (506ms)
				LogAssemblyErrors (0ms)
				InitializePlatformSupportModulesInManaged (6ms)
				SetLoadedEditorAssemblies (1ms)
				RefreshPlugins (1ms)
				BeforeProcessingInitializeOnLoad (74ms)
				ProcessInitializeOnLoadAttributes (407ms)
				ProcessInitializeOnLoadMethodAttributes (5ms)
				AfterProcessingInitializeOnLoad (11ms)
				EditorAssembliesLoaded (0ms)
			ExecutionOrderSort2 (0ms)
			AwakeInstancesAfterBackupRestoration (19ms)
Platform modules already initialized, skipping
Refreshing native plugins compatible for Editor in 0.91 ms, found 3 plugins.
Preloading 0 native plugins for Editor in 0.00 ms.
Unloading 2990 Unused Serialized files (Serialized files now loaded: 0)
System memory in use before: 202.1 MB.
System memory in use after: 201.7 MB.

Unloading 32 unused Assets to reduce memory usage. Loaded Objects now: 3713.
Total: 5.797600 ms (FindLiveObjects: 0.383800 ms CreateObjectMapping: 0.225500 ms MarkObjects: 4.828100 ms  DeleteObjects: 0.358900 ms)

AssetImportParameters requested are different than current active one (requested -> active):
  custom:framework-win-MediaFoundation: 216162199b28c13a410421893ffa2e32 -> 
  custom:video-decoder-ogg-theora: a1e56fd34408186e4bbccfd4996cb3dc -> 
  custom:container-muxer-webm: aa71ff27fc2769a1b78a27578f13a17b -> 
  custom:container-demuxer-webm: 4f35f7cbe854078d1ac9338744f61a02 -> 
  custom:container-demuxer-ogg: 62fdf1f143b41e24485cea50d1cbac27 -> 
  custom:video-encoder-webm-vp8: eb34c28f22e8b96e1ab97ce403110664 -> 
  custom:video-decoder-webm-vp8: 9c59270c3fd7afecdb556c50c9e8de78 -> 
  custom:audio-decoder-ogg-vorbis: bf7c407c2cedff20999df2af8eb42d56 -> 
  custom:audio-encoder-webm-vorbis: bf7c407c2cedff20999df2af8eb42d56 -> 
========================================================================
Received Import Request.
  Time since last request: 598.607153 seconds.
  path: Assets/Music
  artifactKey: Guid(cd51a59f17b7831499458e456efbcf52) Importer(815301076,1909f56bfc062723c751e8b465ee728b)
Start importing Assets/Music using Guid(cd51a59f17b7831499458e456efbcf52) Importer(815301076,1909f56bfc062723c751e8b465ee728b)  -> (artifact id: '94acdc084c8b1ba27b1d0db93d6c7dc7') in 0.098296 seconds 
========================================================================
Received Import Request.
  Time since last request: 160.971892 seconds.
  path: Assets/Music/Ambient_Restaurant.mp3
  artifactKey: Guid(e5f7cd3e50a589e4fb6f1addb895501c) Importer(815301076,1909f56bfc062723c751e8b465ee728b)
Start importing Assets/Music/Ambient_Restaurant.mp3 using Guid(e5f7cd3e50a589e4fb6f1addb895501c) Importer(815301076,1909f56bfc062723c751e8b465ee728b)  -> (artifact id: '9c1c32b7d6948b13523294127001c392') in 0.237183 seconds 
========================================================================
Received Import Request.
  Time since last request: 35.040791 seconds.
  path: Assets/Music/Messy_Goal.mp3
  artifactKey: Guid(cbd05bb26af281045b57df1d1d394703) Importer(815301076,1909f56bfc062723c751e8b465ee728b)
Start importing Assets/Music/Messy_Goal.mp3 using Guid(cbd05bb26af281045b57df1d1d394703) Importer(815301076,1909f56bfc062723c751e8b465ee728b)  -> (artifact id: 'd499f11ab9126f1d574c1c49cb6e8be0') in 0.179733 seconds 
========================================================================
Received Import Request.
  Time since last request: 35.826222 seconds.
  path: Assets/Music/The_End_(Double_Steel_Guitar).mp3
  artifactKey: Guid(03fef43ce76cf914e8c5c34fd0da8e90) Importer(815301076,1909f56bfc062723c751e8b465ee728b)
Start importing Assets/Music/The_End_(Double_Steel_Guitar).mp3 using Guid(03fef43ce76cf914e8c5c34fd0da8e90) Importer(815301076,1909f56bfc062723c751e8b465ee728b)  -> (artifact id: 'e7f9c6646f7c858ab8115564b59ccf7b') in 0.169573 seconds 
========================================================================
Received Import Request.
  Time since last request: 28.940820 seconds.
  path: Assets/Music/Home_Sweet_Home_Kalimba_Examples.mp3
  artifactKey: Guid(2429551bd605ef84fb215a4592d652cb) Importer(815301076,1909f56bfc062723c751e8b465ee728b)
Start importing Assets/Music/Home_Sweet_Home_Kalimba_Examples.mp3 using Guid(2429551bd605ef84fb215a4592d652cb) Importer(815301076,1909f56bfc062723c751e8b465ee728b)  -> (artifact id: '814e49582bf483588a2a5c7e863cc0ba') in 0.171029 seconds 
========================================================================
Received Import Request.
  Time since last request: 40.785401 seconds.
  path: Assets/Music/Blissfully_Ignorant_Water_Examples.mp3
  artifactKey: Guid(8ab8b32d7ea9e8342a9a68ed6fac71f7) Importer(815301076,1909f56bfc062723c751e8b465ee728b)
Start importing Assets/Music/Blissfully_Ignorant_Water_Examples.mp3 using Guid(8ab8b32d7ea9e8342a9a68ed6fac71f7) Importer(815301076,1909f56bfc062723c751e8b465ee728b)  -> (artifact id: '513a1565a9393a2351831caa785511b6') in 0.092383 seconds 
========================================================================
Received Import Request.
  Time since last request: 40.588224 seconds.
  path: Assets/Music/Blissfully_Ignorant_Water.mp3
  artifactKey: Guid(cbc76b82f8ebd034ca3980ecd9cd89e2) Importer(815301076,1909f56bfc062723c751e8b465ee728b)
Start importing Assets/Music/Blissfully_Ignorant_Water.mp3 using Guid(cbc76b82f8ebd034ca3980ecd9cd89e2) Importer(815301076,1909f56bfc062723c751e8b465ee728b)  -> (artifact id: '002e91977da3ac6e5f029ab5f17253f2') in 0.164681 seconds 
========================================================================
Received Import Request.
  Time since last request: 24.465506 seconds.
  path: Assets/Music/Blissfully_Ignorant_Sky.mp3
  artifactKey: Guid(b102fc5c81227f24b89eec45876e3cc6) Importer(815301076,1909f56bfc062723c751e8b465ee728b)
Start importing Assets/Music/Blissfully_Ignorant_Sky.mp3 using Guid(b102fc5c81227f24b89eec45876e3cc6) Importer(815301076,1909f56bfc062723c751e8b465ee728b)  -> (artifact id: '4660259e11308d675744956f41d6cb78') in 0.160865 seconds 
========================================================================
Received Import Request.
  Time since last request: 32.200831 seconds.
  path: Assets/Music/Blissfully_Ignorant.mp3
  artifactKey: Guid(3787c7bc60933544f8d96009601e7216) Importer(815301076,1909f56bfc062723c751e8b465ee728b)
Start importing Assets/Music/Blissfully_Ignorant.mp3 using Guid(3787c7bc60933544f8d96009601e7216) Importer(815301076,1909f56bfc062723c751e8b465ee728b)  -> (artifact id: '93e710ea5651e95bdcd00acdbd63b57d') in 0.159359 seconds 
========================================================================
Received Import Request.
  Time since last request: 28.187045 seconds.
  path: Assets/Music/Prairie.mp3
  artifactKey: Guid(c9bd5713b93c64643b62fc19027fdf19) Importer(815301076,1909f56bfc062723c751e8b465ee728b)
Start importing Assets/Music/Prairie.mp3 using Guid(c9bd5713b93c64643b62fc19027fdf19) Importer(815301076,1909f56bfc062723c751e8b465ee728b)  -> (artifact id: '67b9e0f0855387f8bcd602d74a58bd5a') in 0.128475 seconds 
========================================================================
Received Import Request.
  Time since last request: 31.699439 seconds.
  path: Assets/Music/Home_Sweet_Home.mp3
  artifactKey: Guid(19353388a6a8d9b4eae5d002730ea9d0) Importer(815301076,1909f56bfc062723c751e8b465ee728b)
Start importing Assets/Music/Home_Sweet_Home.mp3 using Guid(19353388a6a8d9b4eae5d002730ea9d0) Importer(815301076,1909f56bfc062723c751e8b465ee728b)  -> (artifact id: '723bc54e4d50c4ee1ea73b2e9d78c7ae') in 0.153823 seconds 
========================================================================
Received Import Request.
  Time since last request: 31.226453 seconds.
  path: Assets/Music/Ado_Theme.mp3
  artifactKey: Guid(227d8c65077bcfd478843bc564ce02fd) Importer(815301076,1909f56bfc062723c751e8b465ee728b)
Start importing Assets/Music/Ado_Theme.mp3 using Guid(227d8c65077bcfd478843bc564ce02fd) Importer(815301076,1909f56bfc062723c751e8b465ee728b)  -> (artifact id: 'ec6703db1514bbeca74dfccf12d3f509') in 0.176351 seconds 
