Using pre-set license
Built from '2021.1/release' branch; Version is '2021.1.16f1 (5fa502fca597) revision 6268162'; Using compiler version '192528614'; Build Type 'Release'
OS: 'Windows 10 Home; OS build 19042.1237; Version 2009; 64bit' Language: 'en' Physical Memory: 8081 MB
BatchMode: 1, IsHumanControllingUs: 0, StartBugReporterOnCrash: 0, Is64bit: 1, IsPro: 0

 COMMAND LINE ARGUMENTS:
C:\Program Files\Unity\Hub\Editor\2021.1.16f1\Editor\Unity.exe
-adb2
-batchMode
-noUpm
-name
AssetImportWorker7
-projectPath
C:/Users/willi/OneDrive/Documents/GitHub/Hachi-To-Hachi_ENG/Hachi To Hachi ENGLISH
-logFile
Logs/AssetImportWorker7.log
-srvPort
57219
Successfully changed project path to: C:/Users/willi/OneDrive/Documents/GitHub/Hachi-To-Hachi_ENG/Hachi To Hachi ENGLISH
C:/Users/willi/OneDrive/Documents/GitHub/Hachi-To-Hachi_ENG/Hachi To Hachi ENGLISH
Using Asset Import Pipeline V2.
Refreshing native plugins compatible for Editor in 437.64 ms, found 3 plugins.
Preloading 0 native plugins for Editor in 0.00 ms.
Initialize engine version: 2021.1.16f1 (5fa502fca597)
[Subsystems] Discovering subsystems at path C:/Program Files/Unity/Hub/Editor/2021.1.16f1/Editor/Data/Resources/UnitySubsystems
[Subsystems] Discovering subsystems at path C:/Users/willi/OneDrive/Documents/GitHub/Hachi-To-Hachi_ENG/Hachi To Hachi ENGLISH/Assets
GfxDevice: creating device client; threaded=0; jobified=0
Direct3D:
    Version:  Direct3D 11.0 [level 11.1]
    Renderer: NVIDIA GeForce GTX 1050 Ti (ID=0x1c8c)
    Vendor:   NVIDIA
    VRAM:     4018 MB
    Driver:   27.21.14.6280
Initialize mono
Mono path[0] = 'C:/Program Files/Unity/Hub/Editor/2021.1.16f1/Editor/Data/Managed'
Mono path[1] = 'C:/Program Files/Unity/Hub/Editor/2021.1.16f1/Editor/Data/MonoBleedingEdge/lib/mono/unityjit'
Mono config path = 'C:/Program Files/Unity/Hub/Editor/2021.1.16f1/Editor/Data/MonoBleedingEdge/etc'
Using monoOptions --debugger-agent=transport=dt_socket,embedding=1,server=y,suspend=n,address=127.0.0.1:56712
Begin MonoManager ReloadAssembly
Registering precompiled unity dll's ...
Register platform support module: C:/Program Files/Unity/Hub/Editor/2021.1.16f1/Editor/Data/PlaybackEngines/WebGLSupport/UnityEditor.WebGL.Extensions.dll
Register platform support module: C:/Program Files/Unity/Hub/Editor/2021.1.16f1/Editor/Data/PlaybackEngines/MacStandaloneSupport/UnityEditor.OSXStandalone.Extensions.dll
Register platform support module: C:/Program Files/Unity/Hub/Editor/2021.1.16f1/Editor/Data/PlaybackEngines/WindowsStandaloneSupport/UnityEditor.WindowsStandalone.Extensions.dll
Registered in 0.004450 seconds.
Native extension for WindowsStandalone target not found
Native extension for OSXStandalone target not found
Native extension for WebGL target not found
Refreshing native plugins compatible for Editor in 158.28 ms, found 3 plugins.
Preloading 0 native plugins for Editor in 0.00 ms.
Mono: successfully reloaded assembly
- Completed reload, in  3.621 seconds
Domain Reload Profiling:
	ReloadAssembly (3621ms)
		BeginReloadAssembly (219ms)
			ExecutionOrderSort (0ms)
			DisableScriptedObjects (0ms)
			BackupInstance (0ms)
			ReleaseScriptingObjects (0ms)
			CreateAndSetChildDomain (2ms)
		EndReloadAssembly (774ms)
			LoadAssemblies (210ms)
			RebuildTransferFunctionScriptingTraits (0ms)
			SetupTypeCache (267ms)
			ReleaseScriptCaches (0ms)
			RebuildScriptCaches (50ms)
			SetupLoadedEditorAssemblies (383ms)
				LogAssemblyErrors (0ms)
				InitializePlatformSupportModulesInManaged (12ms)
				SetLoadedEditorAssemblies (0ms)
				RefreshPlugins (158ms)
				BeforeProcessingInitializeOnLoad (2ms)
				ProcessInitializeOnLoadAttributes (163ms)
				ProcessInitializeOnLoadMethodAttributes (47ms)
				AfterProcessingInitializeOnLoad (0ms)
				EditorAssembliesLoaded (0ms)
			ExecutionOrderSort2 (0ms)
			AwakeInstancesAfterBackupRestoration (0ms)
Platform modules already initialized, skipping
Registering precompiled user dll's ...
Registered in 0.012235 seconds.
Begin MonoManager ReloadAssembly
Symbol file LoadedFromMemory doesn't match image C:\Users\willi\OneDrive\Documents\GitHub\Hachi-To-Hachi_ENG\Hachi To Hachi ENGLISH\Library\PackageCache\com.unity.visualscripting@1.6.1\Editor\VisualScripting.Core\Dependencies\YamlDotNet\Unity.VisualScripting.YamlDotNet.dll
Symbol file LoadedFromMemory doesn't match image C:\Users\willi\OneDrive\Documents\GitHub\Hachi-To-Hachi_ENG\Hachi To Hachi ENGLISH\Library\PackageCache\com.unity.visualscripting@1.6.1\Editor\VisualScripting.Core\Dependencies\DotNetZip\Unity.VisualScripting.IonicZip.dll
Native extension for WindowsStandalone target not found
Native extension for OSXStandalone target not found
Native extension for WebGL target not found
Refreshing native plugins compatible for Editor in 0.99 ms, found 3 plugins.
Preloading 0 native plugins for Editor in 0.00 ms.
Mono: successfully reloaded assembly
- Completed reload, in  3.319 seconds
Domain Reload Profiling:
	ReloadAssembly (3320ms)
		BeginReloadAssembly (254ms)
			ExecutionOrderSort (0ms)
			DisableScriptedObjects (7ms)
			BackupInstance (0ms)
			ReleaseScriptingObjects (0ms)
			CreateAndSetChildDomain (29ms)
		EndReloadAssembly (2971ms)
			LoadAssemblies (166ms)
			RebuildTransferFunctionScriptingTraits (0ms)
			SetupTypeCache (938ms)
			ReleaseScriptCaches (1ms)
			RebuildScriptCaches (86ms)
			SetupLoadedEditorAssemblies (1623ms)
				LogAssemblyErrors (0ms)
				InitializePlatformSupportModulesInManaged (11ms)
				SetLoadedEditorAssemblies (1ms)
				RefreshPlugins (1ms)
				BeforeProcessingInitializeOnLoad (127ms)
				ProcessInitializeOnLoadAttributes (1465ms)
				ProcessInitializeOnLoadMethodAttributes (7ms)
				AfterProcessingInitializeOnLoad (11ms)
				EditorAssembliesLoaded (0ms)
			ExecutionOrderSort2 (0ms)
			AwakeInstancesAfterBackupRestoration (10ms)
Platform modules already initialized, skipping
========================================================================
Worker process is ready to serve import requests
Launched and connected shader compiler UnityShaderCompiler.exe after 0.37 seconds
Refreshing native plugins compatible for Editor in 1.11 ms, found 3 plugins.
Preloading 0 native plugins for Editor in 0.00 ms.
Unloading 3604 Unused Serialized files (Serialized files now loaded: 0)
System memory in use before: 148.7 MB.
System memory in use after: 148.9 MB.

Unloading 134 unused Assets to reduce memory usage. Loaded Objects now: 4051.
Total: 6.370900 ms (FindLiveObjects: 0.354700 ms CreateObjectMapping: 0.213900 ms MarkObjects: 5.437400 ms  DeleteObjects: 0.358900 ms)

AssetImportParameters requested are different than current active one (requested -> active):
  custom:framework-win-MediaFoundation: 216162199b28c13a410421893ffa2e32 -> 
  custom:video-decoder-ogg-theora: a1e56fd34408186e4bbccfd4996cb3dc -> 
  custom:container-muxer-webm: aa71ff27fc2769a1b78a27578f13a17b -> 
  custom:container-demuxer-webm: 4f35f7cbe854078d1ac9338744f61a02 -> 
  custom:container-demuxer-ogg: 62fdf1f143b41e24485cea50d1cbac27 -> 
  custom:video-encoder-webm-vp8: eb34c28f22e8b96e1ab97ce403110664 -> 
  custom:video-decoder-webm-vp8: 9c59270c3fd7afecdb556c50c9e8de78 -> 
  custom:audio-decoder-ogg-vorbis: bf7c407c2cedff20999df2af8eb42d56 -> 
  custom:audio-encoder-webm-vorbis: bf7c407c2cedff20999df2af8eb42d56 -> 
========================================================================
Received Import Request.
  path: Assets/Scenes/beta_eitto.unity
  artifactKey: Guid(137b99c17ce0a72498e69673e9398a6f) Importer(815301076,1909f56bfc062723c751e8b465ee728b)
Start importing Assets/Scenes/beta_eitto.unity using Guid(137b99c17ce0a72498e69673e9398a6f) Importer(815301076,1909f56bfc062723c751e8b465ee728b)  -> (artifact id: '2615c618190093f79f87ca09ab75a240') in 0.029686 seconds 
========================================================================
Received Import Request.
  Time since last request: 94.891281 seconds.
  path: Assets/Images/UI
  artifactKey: Guid(92c05fe2795a1454e9d63a1db1de1561) Importer(815301076,1909f56bfc062723c751e8b465ee728b)
Start importing Assets/Images/UI using Guid(92c05fe2795a1454e9d63a1db1de1561) Importer(815301076,1909f56bfc062723c751e8b465ee728b)  -> (artifact id: '2aba3e42abe2a5634cd509102a534ee6') in 0.019518 seconds 
========================================================================
Received Import Request.
  Time since last request: 90.804428 seconds.
  path: Assets/Materials/Grass1.png
  artifactKey: Guid(d7edb08c08a58e146a7686c648458e14) Importer(815301076,1909f56bfc062723c751e8b465ee728b)
Start importing Assets/Materials/Grass1.png using Guid(d7edb08c08a58e146a7686c648458e14) Importer(815301076,1909f56bfc062723c751e8b465ee728b)  -> (artifact id: '675768491ed7ad3e3d6bb079e4f58a2b') in 0.243666 seconds 
========================================================================
Received Import Request.
  Time since last request: 0.000368 seconds.
  path: Assets/Materials/Sand2.png
  artifactKey: Guid(60944b1854db518459b44e9d5dc6afa2) Importer(815301076,1909f56bfc062723c751e8b465ee728b)
Start importing Assets/Materials/Sand2.png using Guid(60944b1854db518459b44e9d5dc6afa2) Importer(815301076,1909f56bfc062723c751e8b465ee728b)  -> (artifact id: '1da7f11c1fd1dcff31a1e4baf416760e') in 0.018402 seconds 
========================================================================
Received Import Request.
  Time since last request: 0.000506 seconds.
  path: Assets/Materials/Sand1.png
  artifactKey: Guid(5f29dccb8d053454383d629ed620877a) Importer(815301076,1909f56bfc062723c751e8b465ee728b)
Start importing Assets/Materials/Sand1.png using Guid(5f29dccb8d053454383d629ed620877a) Importer(815301076,1909f56bfc062723c751e8b465ee728b)  -> (artifact id: '9a4f5f79ca43b1b9eb7fbdd1f458d781') in 0.047994 seconds 
========================================================================
Received Import Request.
  Time since last request: 0.000800 seconds.
  path: Assets/Materials/Grass2.png
  artifactKey: Guid(4ddb6054f722a2b4094ec117b17b557d) Importer(815301076,1909f56bfc062723c751e8b465ee728b)
Start importing Assets/Materials/Grass2.png using Guid(4ddb6054f722a2b4094ec117b17b557d) Importer(815301076,1909f56bfc062723c751e8b465ee728b)  -> (artifact id: 'fd6fa3bd0f0cd8194e8ffaacfc93acd3') in 0.020417 seconds 
========================================================================
Received Import Request.
  Time since last request: 21.243062 seconds.
  path: Assets/Materials/rock_texture.png
  artifactKey: Guid(39155a7df1228264598054d31e7df7ab) Importer(815301076,1909f56bfc062723c751e8b465ee728b)
Start importing Assets/Materials/rock_texture.png using Guid(39155a7df1228264598054d31e7df7ab) Importer(815301076,1909f56bfc062723c751e8b465ee728b)  -> (artifact id: '783eaf3e3e5caf0ca3808db45dd35427') in 0.017725 seconds 
========================================================================
Received Import Request.
  Time since last request: 56.214996 seconds.
  path: Assets/Materials/lava_rock_texture.png
  artifactKey: Guid(aacefb93d10260f4193576f9788f72e2) Importer(815301076,1909f56bfc062723c751e8b465ee728b)
Start importing Assets/Materials/lava_rock_texture.png using Guid(aacefb93d10260f4193576f9788f72e2) Importer(815301076,1909f56bfc062723c751e8b465ee728b)  -> (artifact id: '50873ab477454236fc0bf33027715497') in 0.024391 seconds 
========================================================================
Received Import Request.
  Time since last request: 5.218731 seconds.
  path: Assets/Materials/dirt_texture.png
  artifactKey: Guid(6a7eaf25f0b11ee4da2f69ab67910a71) Importer(815301076,1909f56bfc062723c751e8b465ee728b)
Start importing Assets/Materials/dirt_texture.png using Guid(6a7eaf25f0b11ee4da2f69ab67910a71) Importer(815301076,1909f56bfc062723c751e8b465ee728b)  -> (artifact id: '6cdbc0927de109ad67a8f5c9e3f75be0') in 0.023057 seconds 
========================================================================
Received Import Request.
  Time since last request: 637.783691 seconds.
  path: Assets/Scenes/beta_level.unity
  artifactKey: Guid(79e6ecc75239b7b4098c02fb49095573) Importer(815301076,1909f56bfc062723c751e8b465ee728b)
Start importing Assets/Scenes/beta_level.unity using Guid(79e6ecc75239b7b4098c02fb49095573) Importer(815301076,1909f56bfc062723c751e8b465ee728b)  -> (artifact id: '7a88948694a06638d4c087317e71b703') in 0.029516 seconds 
========================================================================
Received Import Request.
  Time since last request: 10.299752 seconds.
  path: Assets/Materials/NewLayer 7.terrainlayer
  artifactKey: Guid(27d7910b6139e794a92fb6045af00147) Importer(815301076,1909f56bfc062723c751e8b465ee728b)
Start importing Assets/Materials/NewLayer 7.terrainlayer using Guid(27d7910b6139e794a92fb6045af00147) Importer(815301076,1909f56bfc062723c751e8b465ee728b)  -> (artifact id: '893091820d97c5624dcc410d203bd600') in 0.144936 seconds 
========================================================================
Received Import Request.
  Time since last request: 15.786592 seconds.
  path: Assets/Scenes/NewLayer 3.terrainlayer
  artifactKey: Guid(025e92b2a2bd2534b8078964e2ee6523) Importer(815301076,1909f56bfc062723c751e8b465ee728b)
Start importing Assets/Scenes/NewLayer 3.terrainlayer using Guid(025e92b2a2bd2534b8078964e2ee6523) Importer(815301076,1909f56bfc062723c751e8b465ee728b)  -> (artifact id: 'effd536632069824394d8546284995d6') in 0.060250 seconds 
========================================================================
Received Import Request.
  Time since last request: 3277.100064 seconds.
  path: Assets/Scenes/beta_eitto.unity
  artifactKey: Guid(137b99c17ce0a72498e69673e9398a6f) Importer(815301076,1909f56bfc062723c751e8b465ee728b)
Start importing Assets/Scenes/beta_eitto.unity using Guid(137b99c17ce0a72498e69673e9398a6f) Importer(815301076,1909f56bfc062723c751e8b465ee728b)  -> (artifact id: 'dbace9dbd5e4f4921303db5300a6f12f') in 0.016078 seconds 
========================================================================
Received Prepare
Registering precompiled user dll's ...
Registered in 0.014301 seconds.
Begin MonoManager ReloadAssembly
Symbol file LoadedFromMemory doesn't match image C:\Users\willi\OneDrive\Documents\GitHub\Hachi-To-Hachi_ENG\Hachi To Hachi ENGLISH\Library\PackageCache\com.unity.visualscripting@1.6.1\Editor\VisualScripting.Core\Dependencies\YamlDotNet\Unity.VisualScripting.YamlDotNet.dll
Symbol file LoadedFromMemory doesn't match image C:\Users\willi\OneDrive\Documents\GitHub\Hachi-To-Hachi_ENG\Hachi To Hachi ENGLISH\Library\PackageCache\com.unity.visualscripting@1.6.1\Editor\VisualScripting.Core\Dependencies\DotNetZip\Unity.VisualScripting.IonicZip.dll
Native extension for WindowsStandalone target not found
Native extension for OSXStandalone target not found
Native extension for WebGL target not found
Refreshing native plugins compatible for Editor in 1.28 ms, found 3 plugins.
Preloading 0 native plugins for Editor in 0.00 ms.
Warning: Annotation not found!
UnityEngine.StackTraceUtility:ExtractStackTrace ()
UnityEditor.ProBuilder.EditorUtility:SetGizmoIconEnabled (System.Type,bool) (at Library/PackageCache/com.unity.probuilder@5.0.3/Editor/EditorCore/EditorUtility.cs:575)
UnityEditor.ProBuilder.HierarchyListener:.cctor () (at Library/PackageCache/com.unity.probuilder@5.0.3/Editor/EditorCore/HierarchyListener.cs:21)
System.Runtime.CompilerServices.RuntimeHelpers:RunClassConstructor (System.RuntimeTypeHandle)
UnityEditor.EditorAssemblies:ProcessInitializeOnLoadAttributes (System.Type[])

[Library/PackageCache/com.unity.probuilder@5.0.3/Editor/EditorCore/EditorUtility.cs line 575]

Mono: successfully reloaded assembly
- Completed reload, in  2.918 seconds
Domain Reload Profiling:
	ReloadAssembly (2922ms)
		BeginReloadAssembly (457ms)
			ExecutionOrderSort (0ms)
			DisableScriptedObjects (34ms)
			BackupInstance (0ms)
			ReleaseScriptingObjects (0ms)
			CreateAndSetChildDomain (196ms)
		EndReloadAssembly (2361ms)
			LoadAssemblies (185ms)
			RebuildTransferFunctionScriptingTraits (0ms)
			SetupTypeCache (599ms)
			ReleaseScriptCaches (2ms)
			RebuildScriptCaches (71ms)
			SetupLoadedEditorAssemblies (1034ms)
				LogAssemblyErrors (0ms)
				InitializePlatformSupportModulesInManaged (12ms)
				SetLoadedEditorAssemblies (1ms)
				RefreshPlugins (1ms)
				BeforeProcessingInitializeOnLoad (99ms)
				ProcessInitializeOnLoadAttributes (876ms)
				ProcessInitializeOnLoadMethodAttributes (16ms)
				AfterProcessingInitializeOnLoad (27ms)
				EditorAssembliesLoaded (1ms)
			ExecutionOrderSort2 (0ms)
			AwakeInstancesAfterBackupRestoration (51ms)
Platform modules already initialized, skipping
Refreshing native plugins compatible for Editor in 1.01 ms, found 3 plugins.
Preloading 0 native plugins for Editor in 0.00 ms.
Unloading 3554 Unused Serialized files (Serialized files now loaded: 0)
System memory in use before: 152.5 MB.
System memory in use after: 152.7 MB.

Unloading 21 unused Assets to reduce memory usage. Loaded Objects now: 4165.
Total: 6.189900 ms (FindLiveObjects: 0.414200 ms CreateObjectMapping: 0.293500 ms MarkObjects: 5.214400 ms  DeleteObjects: 0.265700 ms)

AssetImportParameters requested are different than current active one (requested -> active):
  custom:framework-win-MediaFoundation: 216162199b28c13a410421893ffa2e32 -> 
  custom:video-decoder-ogg-theora: a1e56fd34408186e4bbccfd4996cb3dc -> 
  custom:container-muxer-webm: aa71ff27fc2769a1b78a27578f13a17b -> 
  custom:container-demuxer-webm: 4f35f7cbe854078d1ac9338744f61a02 -> 
  custom:container-demuxer-ogg: 62fdf1f143b41e24485cea50d1cbac27 -> 
  custom:video-encoder-webm-vp8: eb34c28f22e8b96e1ab97ce403110664 -> 
  custom:video-decoder-webm-vp8: 9c59270c3fd7afecdb556c50c9e8de78 -> 
  custom:audio-decoder-ogg-vorbis: bf7c407c2cedff20999df2af8eb42d56 -> 
  custom:audio-encoder-webm-vorbis: bf7c407c2cedff20999df2af8eb42d56 -> 
AssetImportWorkerClient::OnTransportError - code=2 error=End of file
